<?xml version="1.0" encoding="UTF-8"?>
<!-- Generated by org.testng.reporters.JUnitReportReporter -->
<testsuite hostname="MSI" failures="0" tests="1" name="masterSeleniumFramework.masterSeleniumFramework.firstTest" time="14.141" errors="0" timestamp="2025-08-22T00:06:44 IST" skipped="0">
  <testcase classname="masterSeleniumFramework.masterSeleniumFramework.firstTest" name="CheckoutwithDirectbanktransfer" time="14.141"/>
</testsuite> <!-- masterSeleniumFramework.masterSeleniumFramework.firstTest -->
