<?xml version="1.0" encoding="UTF-8"?>
<!-- Generated by org.testng.reporters.JUnitReportReporter -->
<testsuite hostname="MSI" failures="0" tests="3" name="masterSeleniumFramework.masterSeleniumFramework.firstTest" time="23.242" errors="0" timestamp="2025-08-21T18:51:02 IST" skipped="0">
  <testcase classname="masterSeleniumFramework.masterSeleniumFramework.firstTest" name="CheckoutwithDirectbanktransfer" time="12.513"/>
  <testcase classname="masterSeleniumFramework.masterSeleniumFramework.firstTest" name="CheckoutwithCOD" time="7.254"/>
  <testcase classname="masterSeleniumFramework.masterSeleniumFramework.firstTest" name="conformSearchFuncinility" time="3.475"/>
</testsuite> <!-- masterSeleniumFramework.masterSeleniumFramework.firstTest -->
