<?xml version="1.0" encoding="UTF-8"?>
<!-- Generated by org.testng.reporters.JUnitReportReporter -->
<testsuite hostname="MSI" failures="0" tests="1" name="masterSeleniumFramework.masterSeleniumFramework.firstTest" time="10.380" errors="0" timestamp="2025-08-21T13:52:48 IST" skipped="0">
  <testcase classname="masterSeleniumFramework.masterSeleniumFramework.firstTest" name="CheckoutwithCOD" time="10.380"/>
</testsuite> <!-- masterSeleniumFramework.masterSeleniumFramework.firstTest -->
