<?xml version="1.0" encoding="UTF-8"?>
<!-- Generated by org.testng.reporters.JUnitReportReporter -->
<testsuite hostname="MSI" failures="0" tests="1" name="masterSeleniumFramework.masterSeleniumFramework.firstTest" time="6.034" errors="0" timestamp="2025-08-21T18:41:28 IST" skipped="0">
  <testcase classname="masterSeleniumFramework.masterSeleniumFramework.firstTest" name="conformSearchFuncinility" time="6.034"/>
</testsuite> <!-- masterSeleniumFramework.masterSeleniumFramework.firstTest -->
